Flow report for ARM_System
Fri Jun 16 22:03:42 2023
Quartus II 64-Bit Version 13.1.0 Build 162 10/23/2013 SJ Web Edition


---------------------
; Table of Contents ;
---------------------
  1. Legal Notice
  2. Flow Summary
  3. Flow Settings
  4. Flow Non-Default Global Settings
  5. Flow Elapsed Time
  6. Flow OS Summary
  7. Flow Log
  8. Flow Messages
  9. Flow Suppressed Messages



----------------
; Legal Notice ;
----------------
Copyright (C) 1991-2013 Altera Corporation
Your use of Altera Corporation's design tools, logic functions 
and other software and tools, and its AMPP partner logic 
functions, and any output files from any of the foregoing 
(including device programming or simulation files), and any 
associated documentation or information are expressly subject 
to the terms and conditions of the Altera Program License 
Subscription Agreement, Altera MegaCore Function License 
Agreement, or other applicable license agreement, including, 
without limitation, that your use is for the sole purpose of 
programming logic devices manufactured by Altera and sold by 
Altera or its authorized distributors.  Please refer to the 
applicable agreement for further details.



+------------------------------------------------------------------------------+
; Flow Summary                                                                 ;
+---------------------------------+--------------------------------------------+
; Flow Status                     ; Successful - Fri Jun 16 22:03:42 2023      ;
; Quartus II 64-Bit Version       ; 13.1.0 Build 162 10/23/2013 SJ Web Edition ;
; Revision Name                   ; ARM_System                                 ;
; Top-level Entity Name           ; ARM_System                                 ;
; Family                          ; Cyclone V                                  ;
; Device                          ; 5CGXFC7C7F23C8                             ;
; Timing Models                   ; Final                                      ;
; Logic utilization (in ALMs)     ; 978 / 56,480 ( 2 % )                       ;
; Total registers                 ; 1303                                       ;
; Total pins                      ; 108 / 268 ( 40 % )                         ;
; Total virtual pins              ; 0                                          ;
; Total block memory bits         ; 65,536 / 7,024,640 ( < 1 % )               ;
; Total DSP Blocks                ; 0 / 156 ( 0 % )                            ;
; Total HSSI RX PCSs              ; 0 / 6 ( 0 % )                              ;
; Total HSSI PMA RX Deserializers ; 0 / 6 ( 0 % )                              ;
; Total HSSI TX PCSs              ; 0 / 6 ( 0 % )                              ;
; Total HSSI TX Channels          ; 0 / 6 ( 0 % )                              ;
; Total PLLs                      ; 1 / 13 ( 8 % )                             ;
; Total DLLs                      ; 0 / 4 ( 0 % )                              ;
+---------------------------------+--------------------------------------------+


+-----------------------------------------+
; Flow Settings                           ;
+-------------------+---------------------+
; Option            ; Setting             ;
+-------------------+---------------------+
; Start date & time ; 06/16/2023 22:02:00 ;
; Main task         ; Compilation         ;
; Revision Name     ; ARM_System          ;
+-------------------+---------------------+


+--------------------------------------------------------------------------------------------------------------------------------------------------+
; Flow Non-Default Global Settings                                                                                                                 ;
+-------------------------------------+-------------------------------------------------------------+---------------+-------------+----------------+
; Assignment Name                     ; Value                                                       ; Default Value ; Entity Name ; Section Id     ;
+-------------------------------------+-------------------------------------------------------------+---------------+-------------+----------------+
; COMPILER_SIGNATURE_ID               ; 277302803412607.168692052034144                             ; --            ; --          ; --             ;
; EDA_OUTPUT_DATA_FORMAT              ; Vhdl                                                        ; --            ; --          ; eda_simulation ;
; EDA_SIMULATION_TOOL                 ; ModelSim-Altera (VHDL)                                      ; <None>        ; --          ; --             ;
; IP_TOOL_NAME                        ; RAM: 2-PORT                                                 ; --            ; --          ; --             ;
; IP_TOOL_VERSION                     ; 9.1                                                         ; --            ; --          ; --             ;
; MAX_CORE_JUNCTION_TEMP              ; 85                                                          ; --            ; --          ; --             ;
; MIN_CORE_JUNCTION_TEMP              ; 0                                                           ; --            ; --          ; --             ;
; MISC_FILE                           ; ../ARM_System/Alera_Mem_Dual_Port/ram2port_inst_data.bsf    ; --            ; --          ; --             ;
; MISC_FILE                           ; ../ARM_System/Alera_Mem_Dual_Port/ram2port_inst_data_inst.v ; --            ; --          ; --             ;
; MISC_FILE                           ; ../ARM_System/Alera_Mem_Dual_Port/ram2port_inst_data_bb.v   ; --            ; --          ; --             ;
; MISC_FILE                           ; ../ARM_System/Alera_Mem_Dual_Port/ram2port_inst_data.inc    ; --            ; --          ; --             ;
; MISC_FILE                           ; ../ARM_System/Alera_Mem_Dual_Port/ram2port_inst_data.cmp    ; --            ; --          ; --             ;
; PARTITION_COLOR                     ; 16764057                                                    ; --            ; --          ; Top            ;
; PARTITION_FITTER_PRESERVATION_LEVEL ; PLACEMENT_AND_ROUTING                                       ; --            ; --          ; Top            ;
; PARTITION_NETLIST_TYPE              ; SOURCE                                                      ; --            ; --          ; Top            ;
; USE_GENERATED_PHYSICAL_CONSTRAINTS  ; Off                                                         ; --            ; --          ; eda_blast_fpga ;
+-------------------------------------+-------------------------------------------------------------+---------------+-------------+----------------+


+-------------------------------------------------------------------------------------------------------------------------------+
; Flow Elapsed Time                                                                                                             ;
+---------------------------+--------------+-------------------------+---------------------+------------------------------------+
; Module Name               ; Elapsed Time ; Average Processors Used ; Peak Virtual Memory ; Total CPU Time (on all processors) ;
+---------------------------+--------------+-------------------------+---------------------+------------------------------------+
; Analysis & Synthesis      ; 00:00:06     ; 1.0                     ; 4708 MB             ; 00:00:03                           ;
; Fitter                    ; 00:01:02     ; 1.0                     ; 5966 MB             ; 00:00:46                           ;
; Assembler                 ; 00:00:11     ; 1.0                     ; 4783 MB             ; 00:00:08                           ;
; TimeQuest Timing Analyzer ; 00:00:14     ; 1.0                     ; 5077 MB             ; 00:00:10                           ;
; EDA Netlist Writer        ; 00:00:01     ; 1.0                     ; 4643 MB             ; 00:00:01                           ;
; Total                     ; 00:01:34     ; --                      ; --                  ; 00:01:08                           ;
+---------------------------+--------------+-------------------------+---------------------+------------------------------------+


+----------------------------------------------------------------------------------------+
; Flow OS Summary                                                                        ;
+---------------------------+------------------+-----------+------------+----------------+
; Module Name               ; Machine Hostname ; OS Name   ; OS Version ; Processor type ;
+---------------------------+------------------+-----------+------------+----------------+
; Analysis & Synthesis      ; Leo의Desktop     ; Windows 7 ; 6.2        ; x86_64         ;
; Fitter                    ; Leo의Desktop     ; Windows 7 ; 6.2        ; x86_64         ;
; Assembler                 ; Leo의Desktop     ; Windows 7 ; 6.2        ; x86_64         ;
; TimeQuest Timing Analyzer ; Leo의Desktop     ; Windows 7 ; 6.2        ; x86_64         ;
; EDA Netlist Writer        ; Leo의Desktop     ; Windows 7 ; 6.2        ; x86_64         ;
+---------------------------+------------------+-----------+------------+----------------+


------------
; Flow Log ;
------------
quartus_map --read_settings_files=on --write_settings_files=off ARM_System -c ARM_System
quartus_fit --read_settings_files=off --write_settings_files=off ARM_System -c ARM_System
quartus_asm --read_settings_files=off --write_settings_files=off ARM_System -c ARM_System
quartus_sta ARM_System -c ARM_System
quartus_eda --read_settings_files=off --write_settings_files=off ARM_System -c ARM_System



